Crashlog created at 2019-11-10 17:46:31 +0500

===== MESSAGE:

Errno::EPERM: Operation not permitted @ rb_file_s_link - (/home/ali/DEVeloper/qr-nanoc/content/qr.html.gpg, /home/ali/DEVeloper/qr-nanoc/output/qr.html.gpg)

===== STACK TRACE:

  11. from /var/lib/gems/2.5.0/gems/nanoc-core-4.11.13/lib/nanoc/core/compilation_phases/write.rb:23:in `block in start'
  10. from /var/lib/gems/2.5.0/gems/nanoc-core-4.11.13/lib/nanoc/core/item_rep_writer.rb:14:in `write_all'
  9. from /var/lib/gems/2.5.0/gems/nanoc-core-4.11.13/lib/nanoc/core/item_rep_writer.rb:14:in `each'
  8. from /var/lib/gems/2.5.0/gems/nanoc-core-4.11.13/lib/nanoc/core/item_rep_writer.rb:15:in `block in write_all'
  7. from /var/lib/gems/2.5.0/gems/nanoc-core-4.11.13/lib/nanoc/core/item_rep_writer.rb:20:in `write'
  6. from /var/lib/gems/2.5.0/gems/nanoc-core-4.11.13/lib/nanoc/core/item_rep_writer.rb:20:in `each'
  5. from /var/lib/gems/2.5.0/gems/nanoc-core-4.11.13/lib/nanoc/core/item_rep_writer.rb:21:in `block in write'
  4. from /var/lib/gems/2.5.0/gems/nanoc-core-4.11.13/lib/nanoc/core/item_rep_writer.rb:66:in `write_single'
  3. from /usr/lib/ruby/2.5.0/fileutils.rb:288:in `ln'
  2. from /usr/lib/ruby/2.5.0/fileutils.rb:1479:in `fu_each_src_dest0'
  1. from /usr/lib/ruby/2.5.0/fileutils.rb:290:in `block in ln'
  /usr/lib/ruby/2.5.0/fileutils.rb:290:in `link'

===== VERSION INFORMATION:

Nanoc 4.11.13 © 2007–2019 Denis Defreyne.
Running ruby 2.5.1 (2018-03-29) on x86_64-linux-gnu with RubyGems 2.7.6.

===== SYSTEM INFORMATION:

Linux ali-N750JV 5.0.0-32-generic #34~18.04.2-Ubuntu SMP Thu Oct 10 10:36:02 UTC 2019 x86_64 x86_64 x86_64 GNU/Linux

===== INSTALLED GEMS:

  addressable 2.2.8, 2.7.0
  adsf 1.4.2
  bigdecimal 1.3.4
  cmath 1.0.0
  colored 1.2
  concurrent-ruby 1.1.5
  cri 2.15.9
  csv 1.0.0
  date 1.0.0
  dbm 1.0.0
  ddmemoize 1.0.0
  ddmetrics 1.0.1
  ddplugin 1.0.2
  did_you_mean 1.2.0
  diff-lcs 1.3
  equatable 0.6.1
  etc 1.0.0
  fcntl 1.0.0
  fiddle 1.0.0
  fileutils 1.0.2
  gdbm 2.0.0
  git_remote_branch 0.3.8
  github 0.7.2
  hamster 3.0.0
  highline 1.7.10
  io-console 0.4.6
  ipaddr 1.2.0
  json 2.1.0
  json_pure 1.5.5
  json_schema 0.20.8
  kramdown 2.1.0
  launchy 2.0.5
  minitest 5.10.3
  nanoc 4.11.13
  nanoc-cli 4.11.13
  nanoc-core 4.11.13
  net-telnet 0.1.1
  openssl 2.1.1
  parallel 1.18.0
  pastel 0.7.3
  power_assert 0.2.7
  psych 3.0.2
  public_suffix 4.0.1
  rack 2.0.7
  rake 12.3.1
  rdoc 6.0.1
  ref 2.0.0
  scanf 1.0.0
  sdbm 1.0.0
  slow_enumerator_tools 1.1.0
  spruz 0.2.13
  stringio 0.0.1
  strscan 1.0.0
  test-unit 3.2.5
  text-format 1.0.0
  text-hyphen 1.0.0
  tomlrb 1.2.8
  tty-color 0.5.0
  tty-command 0.9.0
  tty-platform 0.2.1
  tty-which 0.4.1
  webrick 1.4.2
  zeitwerk 2.2.1
  zlib 1.0.0

===== LOAD PATHS:

  0. /var/lib/gems/2.5.0/gems/ref-2.0.0/lib
  1. /usr/share/rubygems-integration/all/gems/did_you_mean-1.2.0/lib
  2. /var/lib/gems/2.5.0/gems/public_suffix-4.0.1/lib
  3. /var/lib/gems/2.5.0/gems/addressable-2.7.0/lib
  4. /var/lib/gems/2.5.0/gems/colored-1.2/lib
  5. /var/lib/gems/2.5.0/gems/cri-2.15.9/lib
  6. /var/lib/gems/2.5.0/gems/diff-lcs-1.3/lib
  7. /var/lib/gems/2.5.0/gems/ddmetrics-1.0.1/lib
  8. /var/lib/gems/2.5.0/gems/ref-2.0.0/lib
  9. /var/lib/gems/2.5.0/gems/ddmemoize-1.0.0/lib
  10. /var/lib/gems/2.5.0/gems/ddplugin-1.0.2/lib
  11. /var/lib/gems/2.5.0/gems/concurrent-ruby-1.1.5/lib
  12. /var/lib/gems/2.5.0/gems/hamster-3.0.0/lib
  13. /var/lib/gems/2.5.0/gems/json_schema-0.20.8/lib
  14. /var/lib/gems/2.5.0/gems/slow_enumerator_tools-1.1.0/lib
  15. /var/lib/gems/2.5.0/gems/tomlrb-1.2.8/lib
  16. /var/lib/gems/2.5.0/gems/tty-platform-0.2.1/lib
  17. /var/lib/gems/2.5.0/gems/zeitwerk-2.2.1/lib
  18. /var/lib/gems/2.5.0/gems/nanoc-core-4.11.13/lib
  19. /var/lib/gems/2.5.0/gems/nanoc-cli-4.11.13/lib
  20. /var/lib/gems/2.5.0/gems/parallel-1.18.0/lib
  21. /var/lib/gems/2.5.0/gems/equatable-0.6.1/lib
  22. /var/lib/gems/2.5.0/gems/tty-color-0.5.0/lib
  23. /var/lib/gems/2.5.0/gems/pastel-0.7.3/lib
  24. /var/lib/gems/2.5.0/gems/tty-command-0.9.0/lib
  25. /var/lib/gems/2.5.0/gems/tty-which-0.4.1/lib
  26. /var/lib/gems/2.5.0/gems/nanoc-4.11.13/lib
  27. /usr/local/lib/site_ruby/2.5.0
  28. /usr/local/lib/x86_64-linux-gnu/site_ruby
  29. /usr/local/lib/site_ruby
  30. /usr/lib/ruby/vendor_ruby/2.5.0
  31. /usr/lib/x86_64-linux-gnu/ruby/vendor_ruby/2.5.0
  32. /usr/lib/ruby/vendor_ruby
  33. /usr/lib/ruby/2.5.0
  34. /usr/lib/x86_64-linux-gnu/ruby/2.5.0
